{"C:\\Users\\User\\IdeaProjects\\NestECommerce\\Nest-ECommerce\\src\\app.controller.ts": {"path":"C:\\Users\\User\\IdeaProjects\\NestECommerce\\Nest-ECommerce\\src\\app.controller.ts","statementMap":{"0":{"start":{"line":1,"column":0},"end":{"line":1,"column":48}},"1":{"start":{"line":2,"column":0},"end":{"line":2,"column":42}},"2":{"start":{"line":5,"column":0},"end":{"line":12,"column":1}},"3":{"start":{"line":6,"column":31},"end":{"line":6,"column":53}},"4":{"start":{"line":10,"column":4},"end":{"line":10,"column":38}},"5":{"start":{"line":9,"column":2},"end":{"line":11,"column":3}},"6":{"start":{"line":5,"column":13},"end":{"line":12,"column":1}},"7":{"start":{"line":5,"column":13},"end":{"line":5,"column":26}}},"fnMap":{"0":{"name":"(anonymous_2)","decl":{"start":{"line":6,"column":2},"end":{"line":6,"column":30}},"loc":{"start":{"line":6,"column":53},"end":{"line":6,"column":57}}},"1":{"name":"(anonymous_3)","decl":{"start":{"line":9,"column":2},"end":{"line":9,"column":9}},"loc":{"start":{"line":9,"column":10},"end":{"line":11,"column":3}}}},"branchMap":{},"s":{"0":1,"1":1,"2":1,"3":1,"4":1,"5":1,"6":1,"7":1},"f":{"0":1,"1":1},"b":{}}
,"C:\\Users\\User\\IdeaProjects\\NestECommerce\\Nest-ECommerce\\src\\app.service.ts": {"path":"C:\\Users\\User\\IdeaProjects\\NestECommerce\\Nest-ECommerce\\src\\app.service.ts","statementMap":{"0":{"start":{"line":1,"column":0},"end":{"line":1,"column":43}},"1":{"start":{"line":4,"column":0},"end":{"line":8,"column":1}},"2":{"start":{"line":6,"column":4},"end":{"line":6,"column":26}},"3":{"start":{"line":4,"column":13},"end":{"line":8,"column":1}},"4":{"start":{"line":4,"column":13},"end":{"line":4,"column":23}}},"fnMap":{"0":{"name":"(anonymous_1)","decl":{"start":{"line":5,"column":2},"end":{"line":5,"column":9}},"loc":{"start":{"line":5,"column":10},"end":{"line":7,"column":3}}}},"branchMap":{},"s":{"0":1,"1":1,"2":1,"3":1,"4":1},"f":{"0":1},"b":{}}
,"C:\\Users\\User\\IdeaProjects\\NestECommerce\\Nest-ECommerce\\src\\auth\\auth.controller.ts": {"path":"C:\\Users\\User\\IdeaProjects\\NestECommerce\\Nest-ECommerce\\src\\auth\\auth.controller.ts","statementMap":{"0":{"start":{"line":1,"column":0},"end":{"line":1,"column":95}},"1":{"start":{"line":2,"column":0},"end":{"line":2,"column":50}},"2":{"start":{"line":3,"column":0},"end":{"line":3,"column":48}},"3":{"start":{"line":4,"column":0},"end":{"line":4,"column":42}},"4":{"start":{"line":5,"column":0},"end":{"line":5,"column":42}},"5":{"start":{"line":7,"column":0},"end":{"line":7,"column":48}},"6":{"start":{"line":8,"column":0},"end":{"line":8,"column":50}},"7":{"start":{"line":11,"column":0},"end":{"line":49,"column":1}},"8":{"start":{"line":12,"column":24},"end":{"line":12,"column":48}},"9":{"start":{"line":12,"column":58},"end":{"line":12,"column":82}},"10":{"start":{"line":17,"column":8},"end":{"line":17,"column":26}},"11":{"start":{"line":18,"column":8},"end":{"line":18,"column":48}},"12":{"start":{"line":23,"column":21},"end":{"line":23,"column":64}},"13":{"start":{"line":24,"column":33},"end":{"line":27,"column":9}},"14":{"start":{"line":29,"column":22},"end":{"line":29,"column":65}},"15":{"start":{"line":30,"column":8},"end":{"line":30,"column":29}},"16":{"start":{"line":40,"column":21},"end":{"line":40,"column":59}},"17":{"start":{"line":41,"column":33},"end":{"line":44,"column":9}},"18":{"start":{"line":46,"column":22},"end":{"line":46,"column":65}},"19":{"start":{"line":47,"column":8},"end":{"line":47,"column":29}},"20":{"start":{"line":16,"column":4},"end":{"line":19,"column":5}},"21":{"start":{"line":22,"column":4},"end":{"line":31,"column":5}},"22":{"start":{"line":39,"column":4},"end":{"line":48,"column":5}},"23":{"start":{"line":11,"column":13},"end":{"line":49,"column":1}},"24":{"start":{"line":11,"column":13},"end":{"line":11,"column":27}}},"fnMap":{"0":{"name":"(anonymous_10)","decl":{"start":{"line":12,"column":4},"end":{"line":12,"column":23}},"loc":{"start":{"line":12,"column":82},"end":{"line":12,"column":86}}},"1":{"name":"(anonymous_11)","decl":{"start":{"line":16,"column":10},"end":{"line":16,"column":16}},"loc":{"start":{"line":16,"column":35},"end":{"line":19,"column":5}}},"2":{"name":"(anonymous_13)","decl":{"start":{"line":22,"column":10},"end":{"line":22,"column":14}},"loc":{"start":{"line":22,"column":41},"end":{"line":31,"column":5}}},"3":{"name":"(anonymous_15)","decl":{"start":{"line":39,"column":10},"end":{"line":39,"column":17}},"loc":{"start":{"line":39,"column":47},"end":{"line":48,"column":5}}}},"branchMap":{},"s":{"0":1,"1":1,"2":1,"3":1,"4":1,"5":1,"6":1,"7":1,"8":0,"9":0,"10":0,"11":0,"12":0,"13":0,"14":0,"15":0,"16":0,"17":0,"18":0,"19":0,"20":1,"21":1,"22":1,"23":1,"24":1},"f":{"0":0,"1":0,"2":0,"3":0},"b":{}}
,"C:\\Users\\User\\IdeaProjects\\NestECommerce\\Nest-ECommerce\\src\\auth\\auth.dto.ts": {"path":"C:\\Users\\User\\IdeaProjects\\NestECommerce\\Nest-ECommerce\\src\\auth\\auth.dto.ts","statementMap":{"0":{"start":{"line":1,"column":0},"end":{"line":1,"column":83}},"1":{"start":{"line":10,"column":4},"end":{"line":10,"column":20}},"2":{"start":{"line":14,"column":4},"end":{"line":14,"column":21}},"3":{"start":{"line":12,"column":28},"end":{"line":12,"column":51}},"4":{"start":{"line":17,"column":4},"end":{"line":17,"column":21}},"5":{"start":{"line":20,"column":4},"end":{"line":24,"column":6}},"6":{"start":{"line":8,"column":0},"end":{"line":25,"column":1}}},"fnMap":{"0":{"name":"(anonymous_2)","decl":{"start":{"line":12,"column":16},"end":{"line":12,"column":17}},"loc":{"start":{"line":12,"column":28},"end":{"line":12,"column":51}}}},"branchMap":{},"s":{"0":1,"1":1,"2":1,"3":0,"4":1,"5":1,"6":1},"f":{"0":0},"b":{}}
,"C:\\Users\\User\\IdeaProjects\\NestECommerce\\Nest-ECommerce\\src\\auth\\auth.service.ts": {"path":"C:\\Users\\User\\IdeaProjects\\NestECommerce\\Nest-ECommerce\\src\\auth\\auth.service.ts","statementMap":{"0":{"start":{"line":1,"column":0},"end":{"line":1,"column":41}},"1":{"start":{"line":2,"column":0},"end":{"line":2,"column":50}},"2":{"start":{"line":3,"column":0},"end":{"line":3,"column":33}},"3":{"start":{"line":8,"column":0},"end":{"line":18,"column":1}},"4":{"start":{"line":9,"column":24},"end":{"line":9,"column":48}},"5":{"start":{"line":12,"column":8},"end":{"line":12,"column":62}},"6":{"start":{"line":16,"column":8},"end":{"line":16,"column":61}},"7":{"start":{"line":8,"column":13},"end":{"line":18,"column":1}},"8":{"start":{"line":8,"column":13},"end":{"line":8,"column":24}}},"fnMap":{"0":{"name":"(anonymous_8)","decl":{"start":{"line":9,"column":4},"end":{"line":9,"column":23}},"loc":{"start":{"line":9,"column":48},"end":{"line":9,"column":52}}},"1":{"name":"(anonymous_9)","decl":{"start":{"line":11,"column":10},"end":{"line":11,"column":20}},"loc":{"start":{"line":11,"column":38},"end":{"line":13,"column":5}}},"2":{"name":"(anonymous_11)","decl":{"start":{"line":15,"column":10},"end":{"line":15,"column":21}},"loc":{"start":{"line":15,"column":39},"end":{"line":17,"column":5}}}},"branchMap":{},"s":{"0":2,"1":2,"2":2,"3":2,"4":0,"5":0,"6":0,"7":2,"8":2},"f":{"0":0,"1":0,"2":0},"b":{}}
,"C:\\Users\\User\\IdeaProjects\\NestECommerce\\Nest-ECommerce\\src\\guards\\seller.guard.ts": {"path":"C:\\Users\\User\\IdeaProjects\\NestECommerce\\Nest-ECommerce\\src\\guards\\seller.guard.ts","statementMap":{"0":{"start":{"line":1,"column":0},"end":{"line":1,"column":99}},"1":{"start":{"line":4,"column":0},"end":{"line":19,"column":1}},"2":{"start":{"line":8,"column":24},"end":{"line":8,"column":59}},"3":{"start":{"line":9,"column":21},"end":{"line":9,"column":33}},"4":{"start":{"line":12,"column":8},"end":{"line":14,"column":9}},"5":{"start":{"line":13,"column":12},"end":{"line":13,"column":24}},"6":{"start":{"line":16,"column":8},"end":{"line":16,"column":86}},"7":{"start":{"line":4,"column":13},"end":{"line":19,"column":1}},"8":{"start":{"line":4,"column":13},"end":{"line":4,"column":24}}},"fnMap":{"0":{"name":"(anonymous_2)","decl":{"start":{"line":5,"column":4},"end":{"line":5,"column":18}},"loc":{"start":{"line":5,"column":4},"end":{"line":5,"column":20}}},"1":{"name":"(anonymous_3)","decl":{"start":{"line":7,"column":4},"end":{"line":7,"column":14}},"loc":{"start":{"line":7,"column":41},"end":{"line":17,"column":5}}}},"branchMap":{"0":{"loc":{"start":{"line":12,"column":8},"end":{"line":14,"column":9}},"type":"if","locations":[{"start":{"line":12,"column":8},"end":{"line":14,"column":9}},{"start":{"line":12,"column":8},"end":{"line":14,"column":9}}]},"1":{"loc":{"start":{"line":12,"column":12},"end":{"line":12,"column":16}},"type":"binary-expr","locations":[{"start":{"line":12,"column":12},"end":{"line":12,"column":16}},{"start":{"line":12,"column":20},"end":{"line":12,"column":31}}]}},"s":{"0":1,"1":1,"2":0,"3":0,"4":0,"5":0,"6":0,"7":1,"8":1},"f":{"0":1,"1":0},"b":{"0":[0,0],"1":[0,0]}}
,"C:\\Users\\User\\IdeaProjects\\NestECommerce\\Nest-ECommerce\\src\\shared\\user.service.ts": {"path":"C:\\Users\\User\\IdeaProjects\\NestECommerce\\Nest-ECommerce\\src\\shared\\user.service.ts","statementMap":{"0":{"start":{"line":1,"column":0},"end":{"line":1,"column":68}},"1":{"start":{"line":2,"column":0},"end":{"line":2,"column":44}},"2":{"start":{"line":3,"column":0},"end":{"line":3,"column":30}},"3":{"start":{"line":6,"column":0},"end":{"line":6,"column":32}},"4":{"start":{"line":9,"column":0},"end":{"line":52,"column":1}},"5":{"start":{"line":10,"column":45},"end":{"line":10,"column":67}},"6":{"start":{"line":15,"column":8},"end":{"line":15,"column":43}},"7":{"start":{"line":19,"column":27},"end":{"line":19,"column":34}},"8":{"start":{"line":20,"column":21},"end":{"line":20,"column":61}},"9":{"start":{"line":21,"column":8},"end":{"line":23,"column":9}},"10":{"start":{"line":22,"column":12},"end":{"line":22,"column":83}},"11":{"start":{"line":24,"column":28},"end":{"line":24,"column":55}},"12":{"start":{"line":25,"column":8},"end":{"line":25,"column":33}},"13":{"start":{"line":26,"column":8},"end":{"line":26,"column":46}},"14":{"start":{"line":30,"column":37},"end":{"line":30,"column":44}},"15":{"start":{"line":31,"column":21},"end":{"line":31,"column":61}},"16":{"start":{"line":32,"column":8},"end":{"line":34,"column":9}},"17":{"start":{"line":33,"column":12},"end":{"line":33,"column":84}},"18":{"start":{"line":36,"column":8},"end":{"line":40,"column":9}},"19":{"start":{"line":37,"column":12},"end":{"line":37,"column":43}},"20":{"start":{"line":39,"column":12},"end":{"line":39,"column":84}},"21":{"start":{"line":45,"column":27},"end":{"line":45,"column":34}},"22":{"start":{"line":46,"column":8},"end":{"line":46,"column":56}},"23":{"start":{"line":50,"column":8},"end":{"line":50,"column":50}},"24":{"start":{"line":9,"column":13},"end":{"line":52,"column":1}},"25":{"start":{"line":9,"column":13},"end":{"line":9,"column":24}}},"fnMap":{"0":{"name":"(anonymous_10)","decl":{"start":{"line":10,"column":4},"end":{"line":10,"column":44}},"loc":{"start":{"line":10,"column":67},"end":{"line":12,"column":5}}},"1":{"name":"(anonymous_11)","decl":{"start":{"line":14,"column":12},"end":{"line":14,"column":23}},"loc":{"start":{"line":14,"column":35},"end":{"line":16,"column":5}}},"2":{"name":"(anonymous_12)","decl":{"start":{"line":18,"column":10},"end":{"line":18,"column":15}},"loc":{"start":{"line":18,"column":37},"end":{"line":27,"column":5}}},"3":{"name":"(anonymous_14)","decl":{"start":{"line":29,"column":10},"end":{"line":29,"column":20}},"loc":{"start":{"line":29,"column":39},"end":{"line":42,"column":5}}},"4":{"name":"(anonymous_16)","decl":{"start":{"line":44,"column":10},"end":{"line":44,"column":22}},"loc":{"start":{"line":44,"column":36},"end":{"line":47,"column":5}}},"5":{"name":"(anonymous_18)","decl":{"start":{"line":49,"column":10},"end":{"line":49,"column":16}},"loc":{"start":{"line":49,"column":17},"end":{"line":51,"column":5}}}},"branchMap":{"0":{"loc":{"start":{"line":21,"column":8},"end":{"line":23,"column":9}},"type":"if","locations":[{"start":{"line":21,"column":8},"end":{"line":23,"column":9}},{"start":{"line":21,"column":8},"end":{"line":23,"column":9}}]},"1":{"loc":{"start":{"line":32,"column":8},"end":{"line":34,"column":9}},"type":"if","locations":[{"start":{"line":32,"column":8},"end":{"line":34,"column":9}},{"start":{"line":32,"column":8},"end":{"line":34,"column":9}}]},"2":{"loc":{"start":{"line":36,"column":8},"end":{"line":40,"column":9}},"type":"if","locations":[{"start":{"line":36,"column":8},"end":{"line":40,"column":9}},{"start":{"line":36,"column":8},"end":{"line":40,"column":9}}]}},"s":{"0":3,"1":3,"2":3,"3":3,"4":3,"5":0,"6":0,"7":0,"8":0,"9":0,"10":0,"11":0,"12":0,"13":0,"14":0,"15":0,"16":0,"17":0,"18":0,"19":0,"20":0,"21":0,"22":0,"23":0,"24":3,"25":3},"f":{"0":0,"1":0,"2":0,"3":0,"4":0,"5":0},"b":{"0":[0,0],"1":[0,0],"2":[0,0]}}
,"C:\\Users\\User\\IdeaProjects\\NestECommerce\\Nest-ECommerce\\src\\utilities\\user.decorator.ts": {"path":"C:\\Users\\User\\IdeaProjects\\NestECommerce\\Nest-ECommerce\\src\\utilities\\user.decorator.ts","statementMap":{"0":{"start":{"line":1,"column":0},"end":{"line":1,"column":51}},"1":{"start":{"line":3,"column":13},"end":{"line":5,"column":3}},"2":{"start":{"line":4,"column":4},"end":{"line":4,"column":20}}},"fnMap":{"0":{"name":"(anonymous_0)","decl":{"start":{"line":3,"column":41},"end":{"line":3,"column":42}},"loc":{"start":{"line":3,"column":55},"end":{"line":5,"column":1}}}},"branchMap":{},"s":{"0":1,"1":1,"2":0},"f":{"0":0},"b":{}}
}
