TN:
SF:C:\Users\User\IdeaProjects\NestECommerce\Nest-ECommerce\src\app.controller.ts
FN:6,(anonymous_2)
FN:9,(anonymous_3)
FNF:2
FNH:2
FNDA:1,(anonymous_2)
FNDA:1,(anonymous_3)
DA:1,1
DA:2,1
DA:5,1
DA:6,1
DA:9,1
DA:10,1
LF:6
LH:6
BRF:0
BRH:0
end_of_record
TN:
SF:C:\Users\User\IdeaProjects\NestECommerce\Nest-ECommerce\src\app.service.ts
FN:5,(anonymous_1)
FNF:1
FNH:1
FNDA:1,(anonymous_1)
DA:1,1
DA:4,1
DA:6,1
LF:3
LH:3
BRF:0
BRH:0
end_of_record
TN:
SF:C:\Users\User\IdeaProjects\NestECommerce\Nest-ECommerce\src\auth\auth.controller.ts
FN:12,(anonymous_10)
FN:16,(anonymous_11)
FN:22,(anonymous_13)
FN:39,(anonymous_15)
FNF:4
FNH:0
FNDA:0,(anonymous_10)
FNDA:0,(anonymous_11)
FNDA:0,(anonymous_13)
FNDA:0,(anonymous_15)
DA:1,1
DA:2,1
DA:3,1
DA:4,1
DA:5,1
DA:7,1
DA:8,1
DA:11,1
DA:12,0
DA:16,1
DA:17,0
DA:18,0
DA:22,1
DA:23,0
DA:24,0
DA:29,0
DA:30,0
DA:39,1
DA:40,0
DA:41,0
DA:46,0
DA:47,0
LF:22
LH:11
BRF:0
BRH:0
end_of_record
TN:
SF:C:\Users\User\IdeaProjects\NestECommerce\Nest-ECommerce\src\auth\auth.dto.ts
FN:12,(anonymous_2)
FNF:1
FNH:0
FNDA:0,(anonymous_2)
DA:1,1
DA:8,1
DA:10,1
DA:12,0
DA:14,1
DA:17,1
DA:20,1
LF:7
LH:6
BRF:0
BRH:0
end_of_record
TN:
SF:C:\Users\User\IdeaProjects\NestECommerce\Nest-ECommerce\src\auth\auth.service.ts
FN:9,(anonymous_8)
FN:11,(anonymous_9)
FN:15,(anonymous_11)
FNF:3
FNH:0
FNDA:0,(anonymous_8)
FNDA:0,(anonymous_9)
FNDA:0,(anonymous_11)
DA:1,2
DA:2,2
DA:3,2
DA:8,2
DA:9,0
DA:12,0
DA:16,0
LF:7
LH:4
BRF:0
BRH:0
end_of_record
TN:
SF:C:\Users\User\IdeaProjects\NestECommerce\Nest-ECommerce\src\guards\seller.guard.ts
FN:5,(anonymous_2)
FN:7,(anonymous_3)
FNF:2
FNH:1
FNDA:1,(anonymous_2)
FNDA:0,(anonymous_3)
DA:1,1
DA:4,1
DA:8,0
DA:9,0
DA:12,0
DA:13,0
DA:16,0
LF:7
LH:2
BRDA:12,0,0,0
BRDA:12,0,1,0
BRDA:12,1,0,0
BRDA:12,1,1,0
BRF:4
BRH:0
end_of_record
TN:
SF:C:\Users\User\IdeaProjects\NestECommerce\Nest-ECommerce\src\shared\user.service.ts
FN:10,(anonymous_10)
FN:14,(anonymous_11)
FN:18,(anonymous_12)
FN:29,(anonymous_14)
FN:44,(anonymous_16)
FN:49,(anonymous_18)
FNF:6
FNH:0
FNDA:0,(anonymous_10)
FNDA:0,(anonymous_11)
FNDA:0,(anonymous_12)
FNDA:0,(anonymous_14)
FNDA:0,(anonymous_16)
FNDA:0,(anonymous_18)
DA:1,3
DA:2,3
DA:3,3
DA:6,3
DA:9,3
DA:10,0
DA:15,0
DA:19,0
DA:20,0
DA:21,0
DA:22,0
DA:24,0
DA:25,0
DA:26,0
DA:30,0
DA:31,0
DA:32,0
DA:33,0
DA:36,0
DA:37,0
DA:39,0
DA:45,0
DA:46,0
DA:50,0
LF:24
LH:5
BRDA:21,0,0,0
BRDA:21,0,1,0
BRDA:32,1,0,0
BRDA:32,1,1,0
BRDA:36,2,0,0
BRDA:36,2,1,0
BRF:6
BRH:0
end_of_record
TN:
SF:C:\Users\User\IdeaProjects\NestECommerce\Nest-ECommerce\src\utilities\user.decorator.ts
FN:3,(anonymous_0)
FNF:1
FNH:0
FNDA:0,(anonymous_0)
DA:1,1
DA:3,1
DA:4,0
LF:3
LH:2
BRF:0
BRH:0
end_of_record
